@ NAME             %05s "TWISS"
@ TYPE             %05s "TWISS"
@ SEQUENCE         %04s "IOTA"
@ PARTICLE         %06s "PROTON"
@ MASS             %le        0.9382720813
@ CHARGE           %le                   1
@ ENERGY           %le             0.94077
@ PC               %le       0.06851054191
@ GAMMA            %le         1.002662254
@ KBUNCH           %le                   1
@ BCURRENT         %le                   0
@ SIGE             %le               0.001
@ SIGT             %le                   1
@ NPART            %le                   0
@ EX               %le                   1
@ EY               %le                   1
@ ET               %le               0.001
@ BV_FLAG          %le                   1
@ LENGTH           %le         39.96606465
@ ALFA             %le       0.07080135745
@ ORBIT5           %le                  -0
@ GAMMATR          %le         3.758194112
@ Q1               %le                5.31
@ Q2               %le                5.32
@ DQ1              %le        -131.1924228
@ DQ2              %le        -114.5938024
@ DXMAX            %le         33.93631269
@ DYMAX            %le                  -0
@ XCOMAX           %le                   0
@ YCOMAX           %le                   0
@ BETXMAX          %le         6.258189708
@ BETYMAX          %le         5.627607485
@ XCORMS           %le                   0
@ YCORMS           %le                   0
@ DXRMS            %le         10.11385117
@ DYRMS            %le                   0
@ DELTAP           %le                   0
@ SYNCH_1          %le                   0
@ SYNCH_2          %le                   0
@ SYNCH_3          %le                   0
@ SYNCH_4          %le                   0
@ SYNCH_5          %le                   0
@ TITLE            %08s "no-title"
@ ORIGIN           %17s "5.05.02 Darwin 64"
@ DATE             %08s "07/11/20"
@ TIME             %08s "00.35.35"
* NAME                                S               BETX               ALFX                 DX                DPX               BETY               ALFY 
$ %s                                %le                %le                %le                %le                %le                %le                %le 
 "IOTA$START"                         0       0.7309288943    5.501353736e-09         -3.1620888    9.781197327e-08        1.088764952    5.535791562e-09
 "DRIFT_0"                       0.9125        1.870104331       -1.248411443       -3.162088711    9.781197327e-08        1.853536299      -0.8381055916
 "QA1R"                          1.1225        3.283887209       -6.217211642       -3.704996808       -5.313666407        1.615293864        1.843387601
 "DRIFT_1"                       1.2575         5.18260557       -7.847368813       -4.422341773       -5.313666407        1.167201742        1.475813302
 "QA2R"                          1.4675         5.50870141        6.586566117       -4.291679223        6.501200589        1.198401646       -1.650369778
 "DRIFT_2"                         1.94        1.083141476        2.779698294       -1.219861944        6.501200589        3.451711627       -3.118540235
 "SQA1R"                           2.04       0.6077704482        1.974011983      -0.5697418855        6.501200589        4.106492065       -3.429264141
 "DRIFT_3"                       2.1925       0.1930692164       0.7453403573       0.4216912044        6.501200589        5.224680356       -3.903118098
 "QA3R"                          2.4025       0.3060030504       -1.379946666        2.041667253        9.640492693        4.011438935        8.559497945
 "DRIFT_4"                       2.5475       0.9057343366        -2.75613117        3.439538693        9.640492693        1.918426835        5.875068266
 "QA4R"                          2.7575        1.207713084        1.770309187        3.763320506       -6.788003511         1.06526434       -0.677750872
 "DRIFT_5"                         2.92        0.722751033        1.214072665        2.660269935       -6.788003511        1.321708302      -0.9003658192
 "SQA2R"                           3.02       0.5141664398       0.8717732669        1.981469584       -6.788003511        1.515480847       -1.037359633
 "DRIFT_6"                   3.11784168       0.3763432198       0.5368617851        1.317319917       -6.788003511        1.731589276       -1.171396682
 "DEDGE301"                  3.11784168       0.3763432198       0.5368617851        1.317319917       -6.788003511        1.731589276       -1.261968626
 "M1R"                      3.508982053       0.4124844077      -0.6206588925     -0.02026201481       0.1055811996        2.947863439       -1.847590622
 "DEDGE302"                 3.508982053       0.4124844077      -0.6206588925     -0.02026201481       0.1055811996        2.947863439       -2.001780607
 "DRIFT_7"                  3.666823733       0.6920830178       -1.150727538    -0.003596900887       0.1055811996        3.622110206       -2.269884314
 "SQB1R"                    3.766823733       0.9558108241       -1.486550525     0.006961219074       0.1055811996        4.093072678       -2.439740405
 "DRIFT_8"                  3.849323733        1.223948613        -1.76360449      0.01567166804       0.1055811996        4.507190675        -2.57987168
 "QB1R"                     4.059323733        3.007549135       -7.954810726      0.04314834113       0.1657430364        3.634256872        6.100396801
 "DRIFT_9"                  4.199323733        5.653798245       -10.94696863      0.06635236622       0.1657430364        2.132243166        4.628272527
 "QB2R"                     4.409323733        6.210382997        8.913777301      0.07649229245     -0.07460026611        1.545347563       -1.238193795
 "DRIFT_10"                 4.549323732        3.968443081        7.100079239       0.0660482552     -0.07460026611         1.92417002       -1.467680902
 "QB3R"                     4.759323732         2.31320439        1.568302098       0.0599145043      0.01470483554         1.95773353        1.324461151
 "DRIFT_11"                 6.864323732        2.337584334       -1.579884019      0.09086818311      0.01470483554          2.6154489       -1.636915009
 "QB4R"                     7.074323732        4.003627318       -7.142552319       0.1082957204       0.1554596167        2.509329298        2.089915365
 "DRIFT_12"                 7.214323732        6.258189708       -8.961464753       0.1300600667       0.1554596167        1.966079668        1.790439137
 "QB5R"                     7.424323732        6.126458189        9.459215735       0.1227812222      -0.2213128233        2.412842233       -4.323680937
 "DRIFT_13"                 7.564323732        3.767334511        7.391667678      0.09179742693      -0.2213128233        3.783452957       -5.466395665
 "QB6R"                     7.774323732        2.596728027      -0.8639061129      0.06656899393     -0.02949749728        3.971502554        4.735338496
 "DRIFT_14"                 7.856823732        2.743849828      -0.9193884487      0.06413545041     -0.02949749728        3.230314123        4.248763704
 "SQB2R"                    7.956823732        2.934452649      -0.9866397647      0.06118570068     -0.02949749728        2.439540145        3.658976076
 "DRIFT_15"                 8.113927332        3.261060628       -1.092294003      0.05655153767     -0.02949749728        1.435432192        2.732398482
 "DEDGE601"                 8.113927332        3.261060628       -1.092294003      0.05655153767     -0.02949749728        1.435432192        2.652424325
 "M2R"                      8.871912564        1.764225159        2.286230731        4.979462581        11.80963851        0.630641306       -1.590674237
 "DEDGE602"                 8.871912564        1.764225159        2.286230731        4.979462581        11.80963851        0.630641306       -1.625810001
 "DRIFT_16"                 9.059016164          1.0322614        1.625846639        7.189088462        11.80963851        1.441273333       -2.706720356
 "SQC1R"                    9.159016164       0.7423871753        1.272895604        8.370052313        11.80963851        2.040388091       -3.284427228
 "DRIFT_17"                 9.321516164       0.4218972367       0.6993501721        10.28911857        11.80963851        3.260377661       -4.223200894
 "QC1R"                     9.531516164       0.4916036944       -1.094794107        16.24704443        47.72508061        3.028889263        5.097134276
 "DRIFT_18"                 9.886516164        1.832522692       -2.682442506        33.18944804        47.72508061       0.5325310049        1.934860816
 "QC2R"                     10.09651616        1.954658654        2.207412512        33.93631251       -40.92904348       0.2038278317      -0.1023899249
 "DRIFT_19"                 10.45151616       0.7660313202        1.140833536        19.40650224       -40.92904348       0.9012980656       -1.862314981
 "QC3R"                     10.66151616       0.7888184337       -1.270115165        16.01476534        7.036195564        1.146834093       0.9354817819
 "DRIFT_20"                 10.82401616        1.289084314       -1.808444099        17.15814712        7.036195564       0.8859779397        0.669786854
 "SQC2R"                    10.92401616        1.683901068       -2.139723443        17.86176667        7.036195564        0.768371026        0.506282283
 "DRIFT_21"                 11.11111976        2.600574455       -2.759559022        19.17826419        7.036195564       0.6361558337       0.2003593444
 "DEDGE603"                 11.11111976        2.600574455       -2.759559022        19.17826419        7.036195564       0.6361558337        0.164916342
 "M3R"                      11.86910499        3.681696596        1.897212119        18.96943971       -7.535896209        1.313856778       -1.058998331
 "DEDGE604"                 11.86910499        3.681696596        1.897212119        18.96943971       -7.535896209        1.313856778       -1.132198995
 "DRIFT_22"                 12.34620859        2.155730578        1.301183403         15.3740365       -7.535896209        2.789547727       -1.960820948
 "SQD1R"                    12.44620859        1.907986545        1.176256927        14.62044688       -7.535896209        3.199079674        -2.13449852
 "DRIFT_23"                 12.51870859        1.743995738        1.085685232        14.07409441       -7.535896209        3.517710887       -2.260414761
 "QD1R"                     12.72870859        1.935144237       -2.101957558        14.98895198        16.50704393          3.2088342        3.551527275
 "DRIFT_24"                 13.14870859        4.194692334       -3.277918863        21.92191043        16.50704393        0.973920972        1.769694698
 "QD2R"                     13.35870859        4.459827394        2.126625567        22.45429803       -11.54691406       0.5745972111       0.2937036437
 "DRIFT_25"                 14.17120859        1.821522272        1.120519198        13.07243035       -11.54691406        1.345337869       -1.242307531
 "CEL"                      14.17120859        1.821522272        1.120519198        13.07243035       -11.54691406        1.345337869       -1.242307531
 "DRIFT_26"                 14.98370859       0.8181400005       0.1144128291        3.690562676       -11.54691406        4.612096686       -2.778318705
 "QD3R"                     15.19370859        1.076366699       -1.458624659        1.687027165       -7.985040132        4.452183819        3.466117605
 "DRIFT_27"                 15.35370859        1.617512204       -1.923534753       0.4094207437       -7.985040132        3.417856354        2.998429054
 "SQD2R"                    15.45370859        2.031276036       -2.214103562      -0.3890832695       -7.985040132        2.847401077        2.706123709
 "DRIFT_28"                 15.61370859        2.814174791       -2.679013656       -1.666689691       -7.985040132        2.056271659        2.238435158
 "QD4R"                     15.82370859        3.305182538       0.5200951904       -3.095796223       -5.367680805        1.608436358       0.0527073007
 "DRIFT_29"                 16.47405027        2.791281484       0.2701064381       -6.586622775       -5.367680805        1.803565056      -0.3527475777
 "DEDGE303"                 16.47405027        2.791281484       0.2701064381       -6.586622775       -5.367680805        1.803565056      -0.4470842641
 "M4R"                      16.86519064        1.972345616        1.628681645       -6.334770251        6.625910213        2.255092908      -0.7073039917
 "DEDGE304"                 16.86519064        1.972345616        1.628681645       -6.334770251        6.625910213        2.255092908      -0.8252581469
 "DRIFT_30"                 17.41553232       0.7405814484        0.609499129       -2.688255693        6.625910213        3.389218632         -1.2355084
 "QE1R"                     17.62553232       0.7013758891      -0.4099263194       -1.534660688         4.55216285        3.206333532        2.044603971
 "DRIFT_31"                 17.71803232       0.7914614488       -0.563971623       -1.113585625         4.55216285        2.841905949        1.895153674
 "SQE1R"                    17.81803232       0.9209093197      -0.7305070865      -0.6583693396         4.55216285        2.479032004        1.733585785
 "DRIFT_32"                 18.86053232         4.25393442       -2.466639293        4.087260431         4.55216285       0.6204355569      0.04924054319
 "QE2R"                     19.07053232        3.934137686        3.824479902        4.360314727       -2.020948382       0.8934072903       -1.484096029
 "DRIFT_33"                 19.30303232        2.370469414        2.900975031        3.890444228       -2.020948382         1.77728399       -2.317524183
 "SQE2R"                    19.40303232        1.829995048        2.503768635         3.68834939       -2.020948382        2.276635198       -2.675987905
 "DRIFT_34"                 19.87803232       0.3476117756       0.6170382534        2.728398909       -2.020948382         5.62760748       -4.378690584
 "QE3"                      20.08803232       0.3476117779      -0.6170382654         2.72839894        2.020948682        5.627607485        4.378690565
 "DRIFT_35"                 20.56303232        1.829995065       -2.503768655        3.688349563        2.020948682        2.276635213        2.675987901
 "SQE2L"                    20.66303232        2.370469436       -2.900975053        3.890444432        2.020948682        1.777284005        2.317524182
 "DRIFT_36"                 20.89553232        3.934137719       -3.824479927           4.360315        2.020948682       0.8934073039        1.484096036
 "QE2L"                     21.10553232        4.253934452        2.466639319        4.087260721       -4.552162988       0.6204355702     -0.04924054847
 "DRIFT_37"                 22.14803232       0.9209093171       0.7305070943      -0.6583691934       -4.552162988        2.479031991       -1.733585755
 "SQE1L"                    22.24803232       0.7914614448       0.5639716292       -1.113585492       -4.552162988        2.841905931        -1.89515364
 "DRIFT_38"                 22.34053232       0.7013758841       0.4099263239       -1.534660569       -4.552162988        3.206333506       -2.044603934
 "QE1L"                     22.55053232       0.7405814409      -0.6094991208       -2.688255591       -6.625910243        3.389218597        1.235508407
 "DRIFT_39"                   23.100874        1.972345601        -1.62868164       -6.334770165       -6.625910243         2.25509287       0.8252581466
 "DEDGE305"                   23.100874        1.972345601        -1.62868164       -6.334770165       -6.625910243         2.25509287       0.7073039934
 "M4L"                      23.49201438         2.79128147      -0.2701064459       -6.586622711        5.367680722        1.803565018        0.447084261
 "DEDGE306"                 23.49201438         2.79128147      -0.2701064459       -6.586622711        5.367680722        1.803565018       0.3527475765
 "DRIFT_40"                 24.14235606        3.305182536      -0.5200952003       -3.095796213        5.367680722        1.608436327     -0.05270731004
 "QD4L"                     24.35235606        2.814174793        2.679013648       -1.666689699        7.985040048        2.056271625       -2.238435136
 "DRIFT_41"                 24.51235606         2.03127604        2.214103556      -0.3890832912        7.985040048        2.847401037       -2.706123688
 "SQD2L"                    24.61235606         1.61751221        1.923534749       0.4094207136        7.985040048        3.417856309       -2.998429032
 "DRIFT_42"                 24.77235606        1.076366704        1.458624658        1.687027121        7.985040048        4.452183768       -3.466117584
 "QD3L"                     24.98235606       0.8181400078      -0.1144128355        3.690562608        11.54691391        4.612096641        2.778318659
 "DRIFT_43"                 26.60735606        4.459827397       -2.126625558         22.4542977        11.54691391       0.5745972181      -0.2937036291
 "QD2L"                     26.81735606        4.194692334        3.277918873        21.92191012       -16.50704369       0.9739209719       -1.769694675
 "DRIFT_44"                 27.23735606        1.935144231        2.101957561        14.98895177       -16.50704369        3.208834168       -3.551527219
 "QD1L"                     27.44735606        1.743995729       -1.085685217        14.07409421        7.535896119        3.517710843        2.260414751
 "DRIFT_45"                 27.51985606        1.907986533       -1.176256912        14.62044668        7.535896119        3.199079632         2.13449851
 "SQD1L"                    27.61985606        2.155730563       -1.301183387        15.37403629        7.535896119        2.789547687        1.960820936
 "DRIFT_46"                 28.09695966        3.681696562       -1.897212097        18.96943946        7.535896119        1.313856751        1.132198979
 "DEDGE605"                 28.09695966        3.681696562       -1.897212097        18.96943946        7.535896119        1.313856751        1.058998317
 "M3L"                      28.85494489        2.600574428        2.759558995        19.17826401       -7.036195305       0.6361558341      -0.1649163639
 "DEDGE606"                 28.85494489        2.600574428        2.759558995        19.17826401       -7.036195305       0.6361558341      -0.2003593664
 "DRIFT_47"                 29.04204849        1.683901051         2.13972342        17.86176654       -7.036195305       0.7683710351      -0.5062823073
 "SQC2L"                    29.14204849        1.289084301        1.808444079        17.15814701       -7.036195305       0.8859779538      -0.6697868796
 "DRIFT_48"                 29.30454849       0.7888184267        1.270115149        16.01476527       -7.036195305        1.146834116      -0.9354818096
 "QC3L"                     29.51454849        0.766031317       -1.140833541        19.40650221        40.92904361       0.9012980853        1.862315021
 "DRIFT_49"                 29.86954849        1.954658675       -2.207412538        33.93631269        40.92904361       0.2038278295        0.102389925
 "QC2L"                     30.07954849        1.832522712        2.682442536        33.18944821       -47.72508093       0.5325310041       -1.934860824
 "DRIFT_50"                 30.43454849       0.4916036983        1.094794123        16.24704448       -47.72508093        3.028889276       -5.097134309
 "QC1L"                     30.64454849       0.4218972355      -0.6993501595        10.28911856       -11.80963879         3.26037768        4.223200909
 "DRIFT_51"                 30.80704849       0.7423871692       -1.272895586        8.370052254       -11.80963879        2.040388105        3.284427242
 "SQC1L"                    30.90704849         1.03226139       -1.625846618        7.189088375       -11.80963879        1.441273344        2.706720369
 "DRIFT_52"                 31.09415209         1.76422514       -2.286230704        4.979462442       -11.80963879       0.6306413124        1.625810014
 "DEDGE607"                 31.09415209         1.76422514       -2.286230704        4.979462442       -11.80963879       0.6306413124        1.590674249
 "M2L"                      31.85213732        3.261060594        1.092293988      0.05655129365      0.02949752444        1.435432183       -2.652424315
 "DEDGE608"                 31.85213732        3.261060594        1.092293988      0.05655129365      0.02949752444        1.435432183       -2.732398472
 "DRIFT_53"                 32.00924092         2.93445262       0.9866397504      0.06118546093      0.02949752444        2.439540132       -3.658976067
 "SQB2L"                    32.10924092        2.743849801       0.9193884346      0.06413521337      0.02949752444        3.230314108       -4.248763694
 "DRIFT_54"                 32.19174092        2.596728002       0.8639060991      0.06656875914      0.02949752444        3.971502538       -4.735338487
 "QB6L"                     32.40174092        3.767334479       -7.391667622      0.09179713321       0.2213122103        3.783452946        5.466395638
 "DRIFT_55"                 32.54174092        6.126458139       -9.459215667       0.1227808427       0.2213122103        2.412842228        4.323680917
 "QB5L"                     32.75174092        6.258189661        8.961464677       0.1300596782      -0.1554590852        1.966079668       -1.790439149
 "DRIFT_56"                 32.89174092         4.00362729         7.14255226       0.1082954063      -0.1554590852        2.509329302       -2.089915379
 "QB4L"                     33.10174092         2.33758432        1.579884001      0.09086793735     -0.01470469965        2.615448909        1.636915004
 "DRIFT_57"                 35.20674092        2.313204382       -1.568302082      0.05991454458     -0.01470469965        1.957733511       -1.324461133
 "QB3L"                     35.41674092        3.968443062       -7.100079194       0.0660483318      0.07460048487            1.92417         1.46768089
 "DRIFT_58"                 35.55674092        6.210382963       -8.913777243      0.07649239969      0.07460048487        1.545347546        1.238193783
 "QB2L"                     35.76674092         5.65379821        10.94696857      0.06635248064      -0.1657431905        2.132243142       -4.628272478
 "DRIFT_59"                 35.90674092        3.007549115        7.954810682      0.04314843396      -0.1657431905        3.634256832       -6.100396738
 "QB1L"                     36.11674092        1.223948602        1.763604482      0.01567174749      -0.1055811776        4.507190627        2.579871649
 "DRIFT_60"                 36.19924092        0.955810815        1.486550517     0.006961300345      -0.1055811776        4.093072635        2.439740376
 "SQB1L"                    36.29924092       0.6920830105        1.150727529    -0.003596817411      -0.1055811776        3.622110169        2.269884287
 "DRIFT_61"                  36.4570826       0.4124844034       0.6206588826     -0.02026192785      -0.1055811776         2.94786341        2.001780582
 "DEDGE307"                  36.4570826       0.4124844034       0.6206588826     -0.02026192785      -0.1055811776         2.94786341        1.847590598
 "M1L"                      36.84822297       0.3763432238      -0.5368617943            1.31732        6.788003472        1.731589263        1.261968609
 "DEDGE308"                 36.84822297       0.3763432238      -0.5368617943            1.31732        6.788003472        1.731589263        1.171396665
 "DRIFT_62"                 36.94606465       0.5141664455      -0.8717732751        1.981469664        6.788003472        1.515480838        1.037359617
 "SQA2L"                    37.04606465       0.7227510402       -1.214072672        2.660270011        6.788003472        1.321708296       0.9003658048
 "DRIFT_63"                 37.20856465        1.207713093       -1.770309193        3.763320575        6.788003472        1.065264338       0.6777508597
 "QA4L"                     37.41856465       0.9057343407        2.756131193        3.439538727       -9.640492967        1.918426838       -5.875068287
 "DRIFT_64"                 37.56356465       0.3060030499        1.379946675        2.041667247       -9.640492967        4.011438947        -8.55949798
 "QA3L"                     37.77356465       0.1930692153      -0.7453403627       0.4216911334       -6.501200962        5.224680375        3.903118102
 "DRIFT_65"                 37.92606465       0.6077704508       -1.974012001      -0.5697420133       -6.501200962        4.106492083        3.429264146
 "SQA1L"                    38.02606465        1.083141483       -2.779698322       -1.219862109       -6.501200962        3.451711644         3.11854024
 "DRIFT_66"                 38.49856465        5.508701462       -6.586566185       -4.291679564       -6.501200962        1.198401656        1.650369786
 "QA2L"                     38.70856465        5.182605621        7.847368885       -4.422342097        5.313666936        1.167201754       -1.475813321
 "DRIFT_67"                 38.84356465        3.283887242        6.217211701        -3.70499706        5.313666936        1.615293882       -1.843387622
 "QA1L"                     39.05356465        1.870104351        1.248411454        -3.16208889      9.7811788e-08        1.853536319       0.8381056027
 "DRIFT_68"                 39.96606465       0.7309288943    5.501346034e-09         -3.1620888      9.7811788e-08        1.088764952    5.535796265e-09
 "IOTA$END"                 39.96606465       0.7309288943    5.501346034e-09         -3.1620888      9.7811788e-08        1.088764952    5.535796265e-09
